<?xml version="1.0" encoding="UTF-8"?>
<!-- Generated by org.testng.reporters.JUnitReportReporter -->
<testsuite skipped="0" hostname="Krishnakumar-PC" name="com.crm.qa.testcases.HomePageTest" tests="5" failures="0" timestamp="17 Jul 2020 12:49:14 GMT" time="79.686" errors="0">
  <testcase name="homePageTitleTest" time="16.036" classname="com.crm.qa.testcases.HomePageTest"/>
  <testcase name="verifyUserNameTest" time="15.158" classname="com.crm.qa.testcases.HomePageTest"/>
  <testcase name="verifyContactsPageLinkTest" time="17.188" classname="com.crm.qa.testcases.HomePageTest"/>
  <testcase name="verifyDealsPageLinkTest" time="15.886" classname="com.crm.qa.testcases.HomePageTest"/>
  <testcase name="VeriryTasksPageLinkTest" time="15.418" classname="com.crm.qa.testcases.HomePageTest"/>
</testsuite> <!-- com.crm.qa.testcases.HomePageTest -->
