<?xml version="1.0" encoding="UTF-8"?>
<!-- Generated by org.testng.reporters.JUnitReportReporter -->
<testsuite skipped="0" hostname="Krishnakumar-PC" name="com.crm.qa.testcases.LoginPageTest" tests="1" failures="0" timestamp="17 Jul 2020 12:51:58 GMT" time="8.213" errors="0">
  <testcase name="loginPagetitleTest" time="8.213" classname="com.crm.qa.testcases.LoginPageTest"/>
</testsuite> <!-- com.crm.qa.testcases.LoginPageTest -->
