<?xml version="1.0" encoding="UTF-8"?>
<!-- Generated by org.testng.reporters.JUnitReportReporter -->
<testsuite skipped="0" hostname="Krishnakumar-PC" name="com.crm.qa.testcases.ContactsPageTest" tests="3" failures="0" timestamp="17 Jul 2020 12:51:58 GMT" time="53.746" errors="0">
  <testcase name="validateSearch" time="18.272" classname="com.crm.qa.testcases.ContactsPageTest"/>
  <testcase name="validateSearch" time="18.993" classname="com.crm.qa.testcases.ContactsPageTest"/>
  <testcase name="validateSearch" time="16.481" classname="com.crm.qa.testcases.ContactsPageTest"/>
</testsuite> <!-- com.crm.qa.testcases.ContactsPageTest -->
