<?xml version="1.0" encoding="UTF-8"?>
<!-- Generated by org.testng.reporters.JUnitReportReporter -->
<testsuite skipped="0" hostname="Krishnakumar-PC" name="com.crm.qa.testcases.HomePageTest" tests="5" failures="0" timestamp="17 Jul 2020 17:46:20 GMT" time="78.861" errors="0">
  <testcase name="homePageTitleTest" time="15.771" classname="com.crm.qa.testcases.HomePageTest"/>
  <testcase name="verifyUserNameTest" time="14.625" classname="com.crm.qa.testcases.HomePageTest"/>
  <testcase name="verifyContactsPageLinkTest" time="16.356" classname="com.crm.qa.testcases.HomePageTest"/>
  <testcase name="verifyDealsPageLinkTest" time="16.171" classname="com.crm.qa.testcases.HomePageTest"/>
  <testcase name="VeriryTasksPageLinkTest" time="15.938" classname="com.crm.qa.testcases.HomePageTest"/>
</testsuite> <!-- com.crm.qa.testcases.HomePageTest -->
