<?xml version="1.0" encoding="UTF-8"?>
<!-- Generated by org.testng.reporters.JUnitReportReporter -->
<testsuite skipped="0" hostname="Krishnakumar-PC" name="com.crm.qa.testcases.LoginPageTest" tests="3" failures="0" timestamp="17 Jul 2020 17:46:20 GMT" time="31.494" errors="0">
  <testcase name="loginPagetitleTest" time="8.965" classname="com.crm.qa.testcases.LoginPageTest"/>
  <testcase name="crmLOGOImgTest" time="8.365" classname="com.crm.qa.testcases.LoginPageTest"/>
  <testcase name="loginTest" time="14.164" classname="com.crm.qa.testcases.LoginPageTest"/>
</testsuite> <!-- com.crm.qa.testcases.LoginPageTest -->
