<?xml version="1.0" encoding="UTF-8"?>
<!-- Generated by org.testng.reporters.JUnitReportReporter -->
<testsuite skipped="0" hostname="Krishnakumar-PC" name="com.crm.qa.testcases.ContactsPageTest" tests="3" failures="0" timestamp="17 Jul 2020 17:46:20 GMT" time="75.943" errors="0">
  <testcase name="validateSearch" time="19.693" classname="com.crm.qa.testcases.ContactsPageTest"/>
  <testcase name="validateSearch" time="17.552" classname="com.crm.qa.testcases.ContactsPageTest"/>
  <testcase name="validateSearch" time="38.698" classname="com.crm.qa.testcases.ContactsPageTest"/>
</testsuite> <!-- com.crm.qa.testcases.ContactsPageTest -->
