<?xml version="1.0" encoding="UTF-8"?>
<!-- Generated by org.testng.reporters.JUnitReportReporter -->
<testsuite skipped="0" hostname="Krishnakumar-PC" name="com.crm.qa.testcases.AmazonLoginPageTest" tests="2" failures="0" timestamp="12 Jun 2020 12:34:34 GMT" time="22.119" errors="0">
  <testcase name="loginTest" time="10.282" classname="com.crm.qa.testcases.AmazonLoginPageTest"/>
  <testcase name="verifyHomePageTitle" time="11.837" classname="com.crm.qa.testcases.AmazonLoginPageTest"/>
</testsuite> <!-- com.crm.qa.testcases.AmazonLoginPageTest -->
