<?xml version="1.0" encoding="UTF-8"?>
<!-- Generated by org.testng.reporters.JUnitReportReporter -->
<testsuite skipped="0" hostname="Krishnakumar-PC" name="com.crm.qa.testcases.LoginPageTest" tests="3" failures="0" timestamp="17 Jul 2020 17:54:43 GMT" time="31.117" errors="0">
  <testcase name="loginPagetitleTest" time="8.195" classname="com.crm.qa.testcases.LoginPageTest"/>
  <testcase name="crmLOGOImgTest" time="8.270" classname="com.crm.qa.testcases.LoginPageTest"/>
  <testcase name="loginTest" time="14.652" classname="com.crm.qa.testcases.LoginPageTest"/>
</testsuite> <!-- com.crm.qa.testcases.LoginPageTest -->
