<?xml version="1.0" encoding="UTF-8"?>
<!-- Generated by org.testng.reporters.JUnitReportReporter -->
<testsuite skipped="0" hostname="Krishnakumar-PC" name="com.crm.qa.testcases.HomePageTest" tests="1" failures="0" timestamp="16 Jul 2020 17:02:31 GMT" time="13.891" errors="0">
  <testcase name="homePageTitleTest" time="13.891" classname="com.crm.qa.testcases.HomePageTest"/>
</testsuite> <!-- com.crm.qa.testcases.HomePageTest -->
