<?xml version="1.0" encoding="UTF-8"?>
<!-- Generated by org.testng.reporters.JUnitReportReporter -->
<testsuite skipped="0" hostname="Krishnakumar-PC" name="com.crm.qa.testcases.ContactsPageTest" tests="3" failures="0" timestamp="17 Jul 2020 17:54:43 GMT" time="54.318" errors="0">
  <testcase name="validateSearch" time="18.473" classname="com.crm.qa.testcases.ContactsPageTest"/>
  <testcase name="validateSearch" time="18.176" classname="com.crm.qa.testcases.ContactsPageTest"/>
  <testcase name="validateSearch" time="17.669" classname="com.crm.qa.testcases.ContactsPageTest"/>
</testsuite> <!-- com.crm.qa.testcases.ContactsPageTest -->
