<?xml version="1.0" encoding="UTF-8"?>
<!-- Generated by org.testng.reporters.JUnitReportReporter -->
<testsuite skipped="0" hostname="Krishnakumar-PC" name="com.crm.qa.testcases.ContactsPageTest" tests="3" failures="0" timestamp="16 Jul 2020 17:02:31 GMT" time="70.575" errors="0">
  <testcase name="validateSearch" time="26.192" classname="com.crm.qa.testcases.ContactsPageTest"/>
  <testcase name="validateSearch" time="22.120" classname="com.crm.qa.testcases.ContactsPageTest"/>
  <testcase name="validateSearch" time="22.263" classname="com.crm.qa.testcases.ContactsPageTest"/>
</testsuite> <!-- com.crm.qa.testcases.ContactsPageTest -->
