<?xml version="1.0" encoding="UTF-8"?>
<!-- Generated by org.testng.reporters.JUnitReportReporter -->
<testsuite skipped="0" hostname="Krishnakumar-PC" name="com.crm.qa.testcases.HomePageTest" tests="5" failures="0" timestamp="17 Jul 2020 17:54:43 GMT" time="76.161" errors="0">
  <testcase name="homePageTitleTest" time="14.839" classname="com.crm.qa.testcases.HomePageTest"/>
  <testcase name="verifyUserNameTest" time="14.618" classname="com.crm.qa.testcases.HomePageTest"/>
  <testcase name="verifyContactsPageLinkTest" time="15.770" classname="com.crm.qa.testcases.HomePageTest"/>
  <testcase name="verifyDealsPageLinkTest" time="15.018" classname="com.crm.qa.testcases.HomePageTest"/>
  <testcase name="VeriryTasksPageLinkTest" time="15.916" classname="com.crm.qa.testcases.HomePageTest"/>
</testsuite> <!-- com.crm.qa.testcases.HomePageTest -->
