<?xml version="1.0" encoding="UTF-8"?>
<!-- Generated by org.testng.reporters.JUnitReportReporter -->
<testsuite skipped="1" hostname="Krishnakumar-PC" name="com.crm.qa.testcases.ContactsPageTest" tests="1" failures="0" timestamp="17 Jul 2020 16:57:22 GMT" time="0.000" errors="0">
  <testcase name="validateSearch" time="0.000" classname="com.crm.qa.testcases.ContactsPageTest">
    <skipped/>
  </testcase> <!-- validateSearch -->
</testsuite> <!-- com.crm.qa.testcases.ContactsPageTest -->
